This is pdfTeX, Version 3.14159265-2.6-1.40.18 (TeX Live 2017) (preloaded format=pdflatex 2017.7.21)  19 NOV 2017 16:24
entering extended mode
 restricted \write18 enabled.
 %&-line parsing enabled.
**Report_A0113538J.tex
(./Report_A0113538J.tex
LaTeX2e <2017-04-15>
Babel <3.10> and hyphenation patterns for 84 language(s) loaded.
(/usr/local/texlive/2017/texmf-dist/tex/latex/base/article.cls
Document Class: article 2014/09/29 v1.4h Standard LaTeX document class
(/usr/local/texlive/2017/texmf-dist/tex/latex/base/size10.clo
File: size10.clo 2014/09/29 v1.4h Standard LaTeX file (size option)
)
\c@part=\count79
\c@section=\count80
\c@subsection=\count81
\c@subsubsection=\count82
\c@paragraph=\count83
\c@subparagraph=\count84
\c@figure=\count85
\c@table=\count86
\abovecaptionskip=\skip41
\belowcaptionskip=\skip42
\bibindent=\dimen102
)
(/usr/local/texlive/2017/texmf-dist/tex/latex/graphics/graphicx.sty
Package: graphicx 2014/10/28 v1.0g Enhanced LaTeX Graphics (DPC,SPQR)

(/usr/local/texlive/2017/texmf-dist/tex/latex/graphics/keyval.sty
Package: keyval 2014/10/28 v1.15 key=value parser (DPC)
\KV@toks@=\toks14
)
(/usr/local/texlive/2017/texmf-dist/tex/latex/graphics/graphics.sty
Package: graphics 2017/04/14 v1.1b Standard LaTeX Graphics (DPC,SPQR)

(/usr/local/texlive/2017/texmf-dist/tex/latex/graphics/trig.sty
Package: trig 2016/01/03 v1.10 sin cos tan (DPC)
)
(/usr/local/texlive/2017/texmf-dist/tex/latex/graphics-cfg/graphics.cfg
File: graphics.cfg 2016/06/04 v1.11 sample graphics configuration
)
Package graphics Info: Driver file: pdftex.def on input line 99.

(/usr/local/texlive/2017/texmf-dist/tex/latex/graphics-def/pdftex.def
File: pdftex.def 2017/01/12 v0.06k Graphics/color for pdfTeX

(/usr/local/texlive/2017/texmf-dist/tex/generic/oberdiek/infwarerr.sty
Package: infwarerr 2016/05/16 v1.4 Providing info/warning/error messages (HO)
)
(/usr/local/texlive/2017/texmf-dist/tex/generic/oberdiek/ltxcmds.sty
Package: ltxcmds 2016/05/16 v1.23 LaTeX kernel commands for general use (HO)
)
\Gread@gobject=\count87
))
\Gin@req@height=\dimen103
\Gin@req@width=\dimen104
)
(/usr/local/texlive/2017/texmf-dist/tex/latex/booktabs/booktabs.sty
Package: booktabs 2016/04/27 v1.618033 publication quality tables
\heavyrulewidth=\dimen105
\lightrulewidth=\dimen106
\cmidrulewidth=\dimen107
\belowrulesep=\dimen108
\belowbottomsep=\dimen109
\aboverulesep=\dimen110
\abovetopsep=\dimen111
\cmidrulesep=\dimen112
\cmidrulekern=\dimen113
\defaultaddspace=\dimen114
\@cmidla=\count88
\@cmidlb=\count89
\@aboverulesep=\dimen115
\@belowrulesep=\dimen116
\@thisruleclass=\count90
\@lastruleclass=\count91
\@thisrulewidth=\dimen117
)
(/usr/local/texlive/2017/texmf-dist/tex/latex/adjustbox/adjustbox.sty
Package: adjustbox 2012/05/21 v1.0 Adjusting TeX boxes (trim, clip, ...)

(/usr/local/texlive/2017/texmf-dist/tex/latex/xkeyval/xkeyval.sty
Package: xkeyval 2014/12/03 v2.7a package option processing (HA)

(/usr/local/texlive/2017/texmf-dist/tex/generic/xkeyval/xkeyval.tex
(/usr/local/texlive/2017/texmf-dist/tex/generic/xkeyval/xkvutils.tex
\XKV@toks=\toks15
\XKV@tempa@toks=\toks16
)
\XKV@depth=\count92
File: xkeyval.tex 2014/12/03 v2.7a key=value parser (HA)
))
(/usr/local/texlive/2017/texmf-dist/tex/latex/adjustbox/adjcalc.sty
Package: adjcalc 2012/05/16 v1.1 Provides advanced setlength with multiple back
-ends (calc, etex, pgfmath)
)
(/usr/local/texlive/2017/texmf-dist/tex/latex/adjustbox/trimclip.sty
Package: trimclip 2012/05/16 v1.0 Trim and clip general TeX material

(/usr/local/texlive/2017/texmf-dist/tex/latex/collectbox/collectbox.sty
Package: collectbox 2012/05/17 v0.4b Collect macro arguments as boxes
\collectedbox=\box26
)
\tc@llx=\dimen118
\tc@lly=\dimen119
\tc@urx=\dimen120
\tc@ury=\dimen121
Package trimclip Info: Using driver 'tc-pdftex.def'.

(/usr/local/texlive/2017/texmf-dist/tex/latex/adjustbox/tc-pdftex.def
File: tc-pdftex.def 2012/05/13 v1.0 Clipping driver for pdftex
))
\adjbox@Width=\dimen122
\adjbox@Height=\dimen123
\adjbox@Depth=\dimen124
\adjbox@Totalheight=\dimen125

(/usr/local/texlive/2017/texmf-dist/tex/latex/ifoddpage/ifoddpage.sty
Package: ifoddpage 2016/04/23 v1.1 Conditionals for odd/even page detection
\c@checkoddpage=\count93
)
(/usr/local/texlive/2017/texmf-dist/tex/latex/varwidth/varwidth.sty
Package: varwidth 2009/03/30 ver 0.92;  Variable-width minipages
\@vwid@box=\box27
\sift@deathcycles=\count94
\@vwid@loff=\dimen126
\@vwid@roff=\dimen127
))
(./Report_A0113538J.aux)
\openout1 = `Report_A0113538J.aux'.

LaTeX Font Info:    Checking defaults for OML/cmm/m/it on input line 13.
LaTeX Font Info:    ... okay on input line 13.
LaTeX Font Info:    Checking defaults for T1/cmr/m/n on input line 13.
LaTeX Font Info:    ... okay on input line 13.
LaTeX Font Info:    Checking defaults for OT1/cmr/m/n on input line 13.
LaTeX Font Info:    ... okay on input line 13.
LaTeX Font Info:    Checking defaults for OMS/cmsy/m/n on input line 13.
LaTeX Font Info:    ... okay on input line 13.
LaTeX Font Info:    Checking defaults for OMX/cmex/m/n on input line 13.
LaTeX Font Info:    ... okay on input line 13.
LaTeX Font Info:    Checking defaults for U/cmr/m/n on input line 13.
LaTeX Font Info:    ... okay on input line 13.

(/usr/local/texlive/2017/texmf-dist/tex/context/base/mkii/supp-pdf.mkii
[Loading MPS to PDF converter (version 2006.09.02).]
\scratchcounter=\count95
\scratchdimen=\dimen128
\scratchbox=\box28
\nofMPsegments=\count96
\nofMParguments=\count97
\everyMPshowfont=\toks17
\MPscratchCnt=\count98
\MPscratchDim=\dimen129
\MPnumerator=\count99
\makeMPintoPDFobject=\count100
\everyMPtoPDFconversion=\toks18
) (/usr/local/texlive/2017/texmf-dist/tex/generic/oberdiek/pdftexcmds.sty
Package: pdftexcmds 2017/03/19 v0.25 Utility functions of pdfTeX for LuaTeX (HO
)

(/usr/local/texlive/2017/texmf-dist/tex/generic/oberdiek/ifluatex.sty
Package: ifluatex 2016/05/16 v1.4 Provides the ifluatex switch (HO)
Package ifluatex Info: LuaTeX not detected.
)
(/usr/local/texlive/2017/texmf-dist/tex/generic/oberdiek/ifpdf.sty
Package: ifpdf 2017/03/15 v3.2 Provides the ifpdf switch
)
Package pdftexcmds Info: LuaTeX not detected.
Package pdftexcmds Info: \pdf@primitive is available.
Package pdftexcmds Info: \pdf@ifprimitive is available.
Package pdftexcmds Info: \pdfdraftmode found.
)
(/usr/local/texlive/2017/texmf-dist/tex/latex/oberdiek/epstopdf-base.sty
Package: epstopdf-base 2016/05/15 v2.6 Base part for package epstopdf

(/usr/local/texlive/2017/texmf-dist/tex/latex/oberdiek/grfext.sty
Package: grfext 2016/05/16 v1.2 Manage graphics extensions (HO)

(/usr/local/texlive/2017/texmf-dist/tex/generic/oberdiek/kvdefinekeys.sty
Package: kvdefinekeys 2016/05/16 v1.4 Define keys (HO)
))
(/usr/local/texlive/2017/texmf-dist/tex/latex/oberdiek/kvoptions.sty
Package: kvoptions 2016/05/16 v3.12 Key value format for package options (HO)

(/usr/local/texlive/2017/texmf-dist/tex/generic/oberdiek/kvsetkeys.sty
Package: kvsetkeys 2016/05/16 v1.17 Key value parser (HO)

(/usr/local/texlive/2017/texmf-dist/tex/generic/oberdiek/etexcmds.sty
Package: etexcmds 2016/05/16 v1.6 Avoid name clashes with e-TeX commands (HO)
Package etexcmds Info: Could not find \expanded.
(etexcmds)             That can mean that you are not using pdfTeX 1.50 or
(etexcmds)             that some package has redefined \expanded.
(etexcmds)             In the latter case, load this package earlier.
)))
Package epstopdf-base Info: Redefining graphics rule for `.eps' on input line 4
38.
Package grfext Info: Graphics extension search list:
(grfext)             [.png,.pdf,.jpg,.mps,.jpeg,.jbig2,.jb2,.PNG,.PDF,.JPG,.JPE
G,.JBIG2,.JB2,.eps]
(grfext)             \AppendGraphicsExtensions on input line 456.

(/usr/local/texlive/2017/texmf-dist/tex/latex/latexconfig/epstopdf-sys.cfg
File: epstopdf-sys.cfg 2010/07/13 v1.3 Configuration of (r)epstopdf for TeX Liv
e
))
LaTeX Font Info:    External font `cmex10' loaded for size
(Font)              <12> on input line 14.
LaTeX Font Info:    External font `cmex10' loaded for size
(Font)              <8> on input line 14.
LaTeX Font Info:    External font `cmex10' loaded for size
(Font)              <6> on input line 14.

<../Figures/pairplot1.png, id=1, 717.68124pt x 714.67pt>
File: ../Figures/pairplot1.png Graphic file (type png)

<use ../Figures/pairplot1.png>
Package pdftex.def Info: ../Figures/pairplot1.png used on input line 22.
(pdftex.def)             Requested size: 207.0021pt x 206.12578pt.

<../Figures/jointplot1.png, id=3, 580.1675pt x 570.13pt>
File: ../Figures/jointplot1.png Graphic file (type png)

<use ../Figures/jointplot1.png>
Package pdftex.def Info: ../Figures/jointplot1.png used on input line 30.
(pdftex.def)             Requested size: 172.5pt x 169.51791pt.

<../Figures/jointplot2.png, id=4, 435.6275pt x 425.59pt>
File: ../Figures/jointplot2.png Graphic file (type png)

<use ../Figures/jointplot2.png>
Package pdftex.def Info: ../Figures/jointplot2.png used on input line 38.
(pdftex.def)             Requested size: 172.5pt x 168.52505pt.

<../Figures/jointplot3.png, id=5, 435.6275pt x 425.59pt>
File: ../Figures/jointplot3.png Graphic file (type png)

<use ../Figures/jointplot3.png>
Package pdftex.def Info: ../Figures/jointplot3.png used on input line 46.
(pdftex.def)             Requested size: 172.5pt x 168.52505pt.

<../Figures/box_page_cat.png, id=6, 1084.05pt x 578.16pt>
File: ../Figures/box_page_cat.png Graphic file (type png)

<use ../Figures/box_page_cat.png>
Package pdftex.def Info: ../Figures/box_page_cat.png used on input line 56.
(pdftex.def)             Requested size: 345.0pt x 184.00044pt.

<../Figures/density_plot.png, id=7, 745.78625pt x 485.815pt>
File: ../Figures/density_plot.png Graphic file (type png)

<use ../Figures/density_plot.png>
Package pdftex.def Info: ../Figures/density_plot.png used on input line 66.
(pdftex.def)             Requested size: 345.0pt x 224.73781pt.
 [1

{/usr/local/texlive/2017/texmf-var/fonts/map/pdftex/updmap/pdftex.map} <../Figu
res/pairplot1.png>] [2 <../Figures/jointplot1.png> <../Figures/jointplot2.png>]
 [3 <../Figures/jointplot3.png> <../Figures/box_page_cat.png>]
LaTeX Font Info:    Try loading font information for OMS+cmr on input line 78.

(/usr/local/texlive/2017/texmf-dist/tex/latex/base/omscmr.fd
File: omscmr.fd 2014/09/29 v2.5h Standard LaTeX font definitions
)
LaTeX Font Info:    Font shape `OMS/cmr/m/n' in size <10> not available
(Font)              Font shape `OMS/cmsy/m/n' tried instead on input line 78.
LaTeX Font Info:    External font `cmex10' loaded for size
(Font)              <7> on input line 87.
LaTeX Font Info:    External font `cmex10' loaded for size
(Font)              <5> on input line 87.

Overfull \hbox (7.15063pt too wide) in paragraph at lines 99--130
 [] 
 []


Overfull \hbox (40.37315pt too wide) in paragraph at lines 99--130
 [] 
 []

[4 <../Figures/density_plot.png>] [5]
<../Figures/predictor_corr_1.png, id=39, 424.58624pt x 425.59pt>
File: ../Figures/predictor_corr_1.png Graphic file (type png)

<use ../Figures/predictor_corr_1.png>
Package pdftex.def Info: ../Figures/predictor_corr_1.png used on input line 169
.
(pdftex.def)             Requested size: 207.0021pt x 207.48889pt.

<../Figures/normality_check_simple.png, id=40, 389.455pt x 266.9975pt>
File: ../Figures/normality_check_simple.png Graphic file (type png)

<use ../Figures/normality_check_simple.png>
Package pdftex.def Info: ../Figures/normality_check_simple.png used on input li
ne 179.
(pdftex.def)             Requested size: 207.0021pt x 141.91132pt.
 [6]
<../Figures/residual_plot_simple.png, id=45, 389.455pt x 376.40625pt>
File: ../Figures/residual_plot_simple.png Graphic file (type png)

<use ../Figures/residual_plot_simple.png>
Package pdftex.def Info: ../Figures/residual_plot_simple.png used on input line
 189.
(pdftex.def)             Requested size: 207.0021pt x 200.06296pt.
 [7 <../Figures/predictor_corr_1.png> <../Figures/normality_check_simple.png>]
<../Figures/prp_simple_1.png, id=53, 714.67pt x 570.13pt>
File: ../Figures/prp_simple_1.png Graphic file (type png)

<use ../Figures/prp_simple_1.png>
Package pdftex.def Info: ../Figures/prp_simple_1.png used on input line 205.
(pdftex.def)             Requested size: 345.0pt x 275.2252pt.

<../Figures/prp_simple_2.png, id=54, 714.67pt x 570.13pt>
File: ../Figures/prp_simple_2.png Graphic file (type png)

<use ../Figures/prp_simple_2.png>
Package pdftex.def Info: ../Figures/prp_simple_2.png used on input line 213.
(pdftex.def)             Requested size: 345.0pt x 275.2252pt.

<../Figures/feature_importance.png, id=55, 506.89375pt x 388.45125pt>
File: ../Figures/feature_importance.png Graphic file (type png)

<use ../Figures/feature_importance.png>
Package pdftex.def Info: ../Figures/feature_importance.png used on input line 2
28.
(pdftex.def)             Requested size: 241.49895pt x 185.06749pt.
 [8 <../Figures/residual_plot_simple.png>] [9 <../Figures/prp_simple_1.png>] [1
0 <../Figures/prp_simple_2.png> <../Figures/feature_importance.png>] [11]
Overfull \hbox (9.92842pt too wide) in paragraph at lines 274--286
 [] 
 []

<../Figures/cv_mae_complex.png, id=72, 621.32124pt x 376.40625pt>
File: ../Figures/cv_mae_complex.png Graphic file (type png)

<use ../Figures/cv_mae_complex.png>
Package pdftex.def Info: ../Figures/cv_mae_complex.png used on input line 338.
(pdftex.def)             Requested size: 345.0pt x 209.00557pt.

<../Figures/normality_check_complex.png, id=73, 389.455pt x 266.9975pt>
File: ../Figures/normality_check_complex.png Graphic file (type png)

<use ../Figures/normality_check_complex.png>
Package pdftex.def Info: ../Figures/normality_check_complex.png used on input l
ine 348.
(pdftex.def)             Requested size: 207.0021pt x 141.91132pt.

<../Figures/residual_plot_complex.png, id=74, 395.4775pt x 376.40625pt>
File: ../Figures/residual_plot_complex.png Graphic file (type png)

<use ../Figures/residual_plot_complex.png>
Package pdftex.def Info: ../Figures/residual_plot_complex.png used on input lin
e 358.
(pdftex.def)             Requested size: 207.0021pt x 197.0189pt.

<../Figures/prp_complex_1.png, id=75, 714.67pt x 570.13pt>
File: ../Figures/prp_complex_1.png Graphic file (type png)

<use ../Figures/prp_complex_1.png>
Package pdftex.def Info: ../Figures/prp_complex_1.png used on input line 368.
(pdftex.def)             Requested size: 276.00105pt x 220.18364pt.

<../Figures/prp_complex_2.png, id=76, 714.67pt x 570.13pt>
File: ../Figures/prp_complex_2.png Graphic file (type png)

<use ../Figures/prp_complex_2.png>
Package pdftex.def Info: ../Figures/prp_complex_2.png used on input line 376.
(pdftex.def)             Requested size: 276.00105pt x 220.18364pt.

<../Figures/prp_complex_3.png, id=77, 714.67pt x 570.13pt>
File: ../Figures/prp_complex_3.png Graphic file (type png)

<use ../Figures/prp_complex_3.png>
Package pdftex.def Info: ../Figures/prp_complex_3.png used on input line 384.
(pdftex.def)             Requested size: 276.00105pt x 220.18364pt.

<../Figures/prp_complex_4.png, id=78, 714.67pt x 570.13pt>
File: ../Figures/prp_complex_4.png Graphic file (type png)

<use ../Figures/prp_complex_4.png>
Package pdftex.def Info: ../Figures/prp_complex_4.png used on input line 392.
(pdftex.def)             Requested size: 276.00105pt x 220.18364pt.

<../Figures/prp_complex_5.png, id=79, 714.67pt x 570.13pt>
File: ../Figures/prp_complex_5.png Graphic file (type png)

<use ../Figures/prp_complex_5.png>
Package pdftex.def Info: ../Figures/prp_complex_5.png used on input line 400.
(pdftex.def)             Requested size: 276.00105pt x 220.18364pt.
 [12] [13 <../Figures/cv_mae_complex.png>]
[14 <../Figures/normality_check_complex.png> <../Figures/residual_plot_complex.
png>] [15 <../Figures/prp_complex_1.png>] [16 <../Figures/prp_complex_2.png> <.
./Figures/prp_complex_3.png>] [17 <../Figures/prp_complex_4.png> <../Figures/pr
p_complex_5.png>] (./Report_A0113538J.aux) ) 
Here is how much of TeX's memory you used:
 2429 strings out of 492995
 38303 string characters out of 6132704
 105048 words of memory out of 5000000
 5926 multiletter control sequences out of 15000+600000
 8514 words of font info for 30 fonts, out of 8000000 for 9000
 1141 hyphenation exceptions out of 8191
 39i,9n,37p,950b,276s stack positions out of 5000i,500n,10000p,200000b,80000s
</usr/local/texlive/2017/texmf-dist
/fonts/type1/public/amsfonts/cm/cmbx10.pfb></usr/local/texlive/2017/texmf-dist/
fonts/type1/public/amsfonts/cm/cmbx12.pfb></usr/local/texlive/2017/texmf-dist/f
onts/type1/public/amsfonts/cm/cmmi10.pfb></usr/local/texlive/2017/texmf-dist/fo
nts/type1/public/amsfonts/cm/cmmi7.pfb></usr/local/texlive/2017/texmf-dist/font
s/type1/public/amsfonts/cm/cmr10.pfb></usr/local/texlive/2017/texmf-dist/fonts/
type1/public/amsfonts/cm/cmr12.pfb></usr/local/texlive/2017/texmf-dist/fonts/ty
pe1/public/amsfonts/cm/cmr17.pfb></usr/local/texlive/2017/texmf-dist/fonts/type
1/public/amsfonts/cm/cmr5.pfb></usr/local/texlive/2017/texmf-dist/fonts/type1/p
ublic/amsfonts/cm/cmr7.pfb></usr/local/texlive/2017/texmf-dist/fonts/type1/publ
ic/amsfonts/cm/cmsy10.pfb>
Output written on Report_A0113538J.pdf (17 pages, 780816 bytes).
PDF statistics:
 140 PDF objects out of 1000 (max. 8388607)
 70 compressed objects within 1 object stream
 0 named destinations out of 1000 (max. 500000)
 101 words of extra memory for PDF output out of 10000 (max. 10000000)

